0 info it worked if it ends with ok
1 verbose cli [
1 verbose cli   'C:\\Program Files\\nodejs\\node.exe',
1 verbose cli   'C:\\Users\\Heroism\\node_modules\\npm\\bin\\npm-cli.js',
1 verbose cli   'run',
1 verbose cli   'start:backend'
1 verbose cli ]
2 info using npm@2.15.12
3 info using node@v20.11.1
4 verbose run-script [ 'prestart:backend', 'start:backend', 'poststart:backend' ]
5 info prestart:backend react-chatapp@0.1.0
6 info start:backend react-chatapp@0.1.0
7 verbose unsafe-perm in lifecycle true
8 info react-chatapp@0.1.0 Failed to exec start:backend script
9 verbose stack Error: react-chatapp@0.1.0 start:backend: `cd ../backend && node server.js`
9 verbose stack Exit status 3221225786
9 verbose stack     at EventEmitter.<anonymous> (C:\Users\Heroism\node_modules\npm\lib\utils\lifecycle.js:217:16)
9 verbose stack     at EventEmitter.emit (node:events:518:28)
9 verbose stack     at ChildProcess.<anonymous> (C:\Users\Heroism\node_modules\npm\lib\utils\spawn.js:24:14)
9 verbose stack     at ChildProcess.emit (node:events:518:28)
9 verbose stack     at maybeClose (node:internal/child_process:1105:16)
9 verbose stack     at ChildProcess._handle.onexit (node:internal/child_process:305:5)
10 verbose pkgid react-chatapp@0.1.0
11 verbose cwd C:\Users\Heroism\Desktop\000-Projects\ABImportant\For Github\React-Chatapp\frontend
12 error Windows_NT 10.0.19045
13 error argv "C:\\Program Files\\nodejs\\node.exe" "C:\\Users\\Heroism\\node_modules\\npm\\bin\\npm-cli.js" "run" "start:backend"
14 error node v20.11.1
15 error npm  v2.15.12
16 error code ELIFECYCLE
17 error react-chatapp@0.1.0 start:backend: `cd ../backend && node server.js`
17 error Exit status 3221225786
18 error Failed at the react-chatapp@0.1.0 start:backend script 'cd ../backend && node server.js'.
18 error This is most likely a problem with the react-chatapp package,
18 error not with npm itself.
18 error Tell the author that this fails on your system:
18 error     cd ../backend && node server.js
18 error You can get information on how to open an issue for this project with:
18 error     npm bugs react-chatapp
18 error Or if that isn't available, you can get their info via:
18 error
18 error     npm owner ls react-chatapp
18 error There is likely additional logging output above.
19 verbose exit [ 1, true ]
